countdown247941
20170821 0 0h0m0s 1508 0h25m8s 13684 3h48m4sss
20170822 0 0h0m0s 730 0h12m10s 10354 2h52m34s
20170823 1 0h0m1s 0 0h0m0s 22736 6h18m56s
20170824 600 0h10m0s 334 0h5m34s 12357 3h25m57s
20170825 1333 0h22m13s 895 0h14m55s 14209 3h56m49s
20170826 25 0h0m25s 627 0h10m27s 19801 5h30m1ss
20170828 0 0h0m0s 1155 0h19m15s 11886 3h18m6ss
20170829 296 0h4m56s 932 0h15m32s 25411 7h3m31ss
20170830 0 0h0m0s 1089 0h18m9s 21259 5h54m19s
20170831 0 0h0m0s 1852 0h30m52s 21762 6h2m42ss
20170901 0 0h0m0s 3878 1h4m38s 4696 1h18m16ss
20170904 249 0h4m9s 1848 0h30m48s 13884 3h51m24s
20170905 1321 0h22m1s 1643 0h27m23s 13433 3h43m53ss
20170906 3616 1h0m16s 0 0h0m0s 14870 4h7m50sss
20170907 467 0h7m47s 140 0h2m20s 26526 7h22m6ss
20170908 0 0h0m0s 0 0h0m0s 20345 5h39m5ss
20170909 632 0h10m32s 926 0h15m26s 22806 6h20m6ss
20170911 0 0h0m0s 1690 0h28m10s 10402 2h53m22s
20170912 670 0h11m10s 716 0h11m56s 7539 2h5m39s
20170913 0 0h0m0s 725 0h12m5s 14566 4h2m46ss
20170914 0 0h0m0s 3912 0h31m52s 20401 5h40m1ss
20170915 0 0h0m0s 0 0h0m0s 23493 6h31m33s
20170916 0 0h0m0s 0 0h0m0s 28855 8h0m55ss
20170918 300 0h5m0s 461 0h7m41s 19127 5h18m47s
20170919 629 0h10m29s 791 0h13m11s 13944 3h52m24s
20170920 771 0h12m51s 0 0h0m0s 12751 3h32m31s
20170921 380 0h6m20s 600 0h10m0s 15421 4h17m1ss
20170922 1200 0h20m0s 251 0h4m11s 28138 7h48m58s
20170923 2904 0h48m24s 60 0h1m0s 39344 10h55m44s
20170925 0 0h0m0s 0 0h0m0s 16848 4h40m48s
20170926 2 0h0m2s 999 0h16m39s 20291 5h38m11s
20170927 845 0h14m5s 1655 0h27m35s 16001 4h26m41s
20170928 0 0h0m0s 1595 0h26m35s 21282 5h54m42s
20170929 0 0h0m0s 0 0h0m0s 33932 9h25m32s
20171009 3611 1h0m11s 1197 0h19m57s 8152 2h15m52ss === 12960  3.6
20171010 207 0h3m27s 729 0h12m9s 17885 4h58m5s === 18821  5.23
20171011 1860 0h31m0s 676 0h11m16s 14559 4h2m39ss === 17095  4.75
20171012 2143 0h35m43s 521 0h8m41s 20492 5h41m32s
20171013 0 0h0m0s 300 0h5m0s 15894 4h24m54s
20171014 0 0h0m0s 189 0h3m9s 40306 11h11m46s
20171015 0 0h0m0s 695 0h11m35s 27931 7h45m31s

20171016 0 0h0m0s 0 0h0m0s 28878 8h1m18ss === 28878  8h1m18s
20171017 0 0h0m0s 0 0h0m0s 22433 6h13m53s === 22433  6h13m53
20171018 1200 0h20m0s 538 0h8m58s 18755 5h12m35s === 20493  5.69h
20171019 0 0h0m0s 1493 0h24m53s 6445 1h47m25s === 7938  2.21
20171020 0 0h0m0s 1687 0h28m7s 8248 2h17m28s === 9935  2.76
20171021 1200 0h20m0s === 1200  0.33
2400/3718/84759-----0.67h/1.03h/23.54h------25.24

20171023 4801 1h20m1s 1642 0h27m22s 13550 3h45m50ss === 19993  5.55
20171024 4721 1h18m41s 871 0h14m31s 3670 1h1m10s === 9262  2.57
20171025 3517 0h58m37s 2060 0h34m20s 1690 0h28m10s === 7267  2.02
20171026 639 0h10m39s 390 0h6m30s 12177 3h22m57s === 13206  3.67
20171027 10667 2h57m47s 17 0h0m17s 804 0h13m24s === 11488  3.19
20171028 3756 1h2m36s 1025 0h17m5s 5482 1h31m22ss === 10263  2.85
28101/6005/37373----7.8h/1.67h/10.38h-----19.85

20171030 1509 0h25m9s 1503 0h25m3s 238 0h3m58ss === 3250  0.9
20171031 4752 1h19m12s 0 0h0m0s 12090 3h21m30s === 16842  4.68
20171101 7801 2h10m1s 886 0h14m46s 8163 2h16m3ss === 16850  4.68
20171102 3193 0h53m13s 2100 0h35m0s 11556 3h12m36ss === 16849  4.68
20171103 2851 0h47m31s 321 0h5m21s 7554 2h5m54ss === 10726 2.98
20171104 3322 0h55m22s 427 0h7m7s 0 0h0m0ss === 3749 1.04
6.51h/1.45h/11h---------18.96h

20171105 604 0h10m4s 0 0h0m0s 0 0h0m0s ===  604  0.17h
20171106 7054 1h57m34s 0 0h0m0s 1512 0h25m12s ===  8566  2.38h
20171107 3578 0h59m38s 197 0h3m17s 6100 1h41m40s ===  9875  2.74h
20171108 6345 1h45m45s 431 0h7m11s 7697 2h8m17s ===  14473  4.02h
20171109 9055 2h30m55s 1203 0h20m3s 5736 1h35m36s ===  15994  4.44h
20171110 8228 2h17m8s 1261 0h21m1s 8346 2h19m6sss ===  17835  4.95h
20171111 2240 0h37m20s 490 0h8m10s 8563 2h22m43s ===  11293  3.14h
10.3h/0.995h/10.54h-------------21.84h

20171113 4210 1h10m10s 433 0h7m13s 7117 1h58m37s ===  11760  3.27h
20171114 7451 2h4m11s 1042 0h17m22s 3625 1h0m25ss ===  12118  3.37h
20171115 3169 0h52m49s 1543 0h25m43s 10722 2h58m42s ===  15434  4.29h
20171116 17034 4h43m54s 487 0h8m7s 6861 1h54m21s === 24382  6.77h
20171117 5697 1h34m57s 108 0h1m48s 4201 1h10m1s ===  10006  2.78h
20171118 5595 1h33m15s 883 0h14m43s 19633 5h27m13s ===  26111  7.25h
11.99h/1.25h/14.49h------------27.73h

20171120 2225 0h37m5s 863 0h14m23s 7307 2h1m47ss ===  10395  2.89h
20171121 6258 1h44m18s 6289 1h44m49s 6758 1h52m38s ===  19305  5.36h
20171122 9118 2h31m58s 1017 0h16m57s 8619 2h23m39s ===  18754  5.21h
20171123 3622 1h0m22s 92 0h1m32s 3719 1h1m59sss ===  7433  2.06h
20171124 4151 1h9m11s 282 0h4m42s 2252 0h37m32ss ===  6685  1.86h
20171125 336 0h5m36s 0 0h0m0s 0 0h0m0s === 336  0.09h
7.14h/2.37h/7.96-------------17.47h

20171126 467 0h7m47s 0 0h0m0s 0 0h0m0s === 0.13h
20171127 2330 0h38m50s 1263 0h21m3s 5748 1h35m48s === 2.59h
20171128 15069 4h11m9s 1218 0h20m18s 2065 0h34m25ss === 5.1h
20171129 8294 2h18m14s 1461 0h24m21s 9554 2h39m14s === 5.36h
20171130 7729 2h8m49s 3122 0h52m2s 4 0h0m4sss === 3.01h
20171201 1966 0h32m46s 0 0h0m0s 13317 3h41m57s === 4.25h
20171202 0 0h0m0s 0 0h0m0s 3600 1h0m0s === 1h
9.96h/1.96h/9.52h --------- 21.44h

20171203 1018 0h16m58s 0 0h0m0s 8499 2h21m39s === 2.64h
20171204 1526 0h25m26s 0 0h0m0s 10697 2h58m17s === 3.4h
20171205 2670 0h44m30s 391 0h6m31s 5231 1h27m11s === 2.3h
20171206 9460 2h37m40s 1564 0h26m4s 12375 3h26m15s === 6.5h
20171207 5182 1h26m22s 392 0h6m32s 3213 0h53m33s === 2.44h
20171208 11163 3h6m3s 1026 0h17m6s 4476 1h14m36ss === 4.63h
20171209 5263 1h27m43s 290 0h4m50s 3596 0h59m56s === 2.54h
10.01h/1.02h/13.36h

20171210 946 0h15m46s 0 0h0m0s 0 0h0m0s
20171211 5071 1h24m31s 217 0h3m37s 7592 2h6m32ss
20171212 7499 2h4m59s 173 0h2m53s 10651 2h57m31ss
20171213 5462 1h31m2s 0 0h0m0s 0 0h0m0ss
20171214 9610 2h40m10s 881 0h14m41s 9875 2h44m35s
20171215 10064 2h47m44s 853 0h14m13s 15824 4h23m44s
20171217 2992 0h49m52s 0 0h0m0s 0 0h0m0s
20171218 6448 1h47m28s 637 0h10m37s 2790 0h46m30s
20171219 13241 3h40m41s 0 0h0m0s 3026 0h50m26s
20171220 8455 2h20m55s 2165 0h36m5s 764 0h12m44ss
20171221 7242 2h0m42s 0 0h0m0s 0 0h0m0ss
20171222 1862 0h31m2s 0 0h0m0s 0 0h0m0s
20171223 4452 1h14m12s 834 0h13m54s 1 0h0m1ss
20171224 600 0h10m
20171225 12135 3h22m15s 807 0h13m27s 0 0h0m0s
20171226 10912 3h35m12s 1659 0h27m39s 0 0h0m0s
20171227 11061 3h4m21s 7095 1h58m15s 0 0h0m0s
20171228 15055 4h10m55s 8960 2h29m20s 0 0h0m0s
20171229 6562 1h49m22s 2548 0h42m28s 0 0h0m0s
20171230 6371 1h46m11s 0 0h0m0s 0 0h0m0s
20171231 4801 1h20m1s 562 0h9m22s 0 0h0m0ss
20180101 1406 0h23m26s 0 0h0m0s 0 0h0m0s
20180102 8896 2h28m16s 3959 1h5m59s 0 0h0m0ss
20180103 13833 3h50m33s 1173 0h19m33s 0 0h0m0s
20180104 16748 4h39m8s 1226 0h20m26s 0 0h0m0ss
20180105 9571 2h39m31s 2032 0h33m52s 0 0h0m0s
20180106 2930 0h48m50s 521 0h8m41s 0 0h0m0s
20180107 1800 0h30m0s

20180108 10174 2h49m34s 2189 0h36m29s 0 0h0m0s === 3.43h
20180109 14862 4h7m42s 1544 0h25m44s 0 0h0m0ss === 4.56h
20180110 2897 0h48m17s 0 0h0m0s 10000 2h46m40s === 3.58h
20180111 773 0h12m53s 640 0h10m40s 0 0h0m0s === 0.39h
20180112 2593 0h43m13s 1875 0h31m15s 0 0h0m0s === 1.24h
20180114 2572 0h42m52s 811 0h13m31s 0 0h0m0s
20180115 3629 1h0m29s 1996 0h33m16s 0 0h0m0ss
20180116 5800 1h36m40s 185 0h3m5s 0 0h0m0s
20180117 6226 1h43m46s 302 0h5m2s 1800 0h30m0s
20180118 16952 4h42m32s 2437 0h40m37s 0 0h0m0s
20180119 8669 2h24m29s 1693 0h28m13s 0 0h0m0s
20180120 2489 0h41m29s 0 0h0m0s 0 0h0m0s
20180121 3437 0h57m17s 0 0h0m0s 0 0h0m0s
20180122 7508 2h5m8s 2361 0h39m21s 0 0h0m0sss
20180123 3180 0h53m0s 9194 2h33m14s 0 0h0m0ss
20180124 17104 4h45m4s 1874 0h31m14s 0 0h0m0ss
20180125 9667 2h41m7s 715 0h11m55s 0 0h0m0ss
20180126 18177 5h2m57s 591 0h9m51s 0 0h0m0ss
20180127 3850 1h4m10s 656 0h10m56s 0 0h0m0ss
20180128 0 0h 3600 1h0m0s
20180129 7141 1h59m1s 4621 1h17m1s 0 0h0m0sss
20180130 13766 3h49m26s 4337 1h12m17s 0 0h0m0s
20180131 17530 4h52m10s 4436 1h13m56s 0 0h0m0s
20180201 20177 5h36m17s 12185 3h23m5s 0 0h0m0s
20180202 5798 1h36m38s 8512 2h21m52s 0 0h0m0s
20180203 6920 1h55m20s 3695 1h1m35s 0 0h0m0s
20180204 0 0h 7200 2h0m0s
20180205 105 0h1m45s 3600 0h0m0s 0 0h0m0s
20180206 0 0h 7200 2h
20180207 4774 1h19m34s 1621 0h27m1s 0 0h0m0s
20180208 5274 1h27m54s 3296 0h54m56s 0 0h0m0s
20180223 1 0h0m1s 3853 1h4m13s 0 0h0m0ss
20180224 1 0h0m1s 2330 0h38m50s 0 0h0m0s
20180225 0 0h0m0s 349 0h5m49s 824 0h13m44s
20180226 1 0h0m1s 0 0h0m0s 3091 0h51m31s
20180227 0 0h0m0s 399 0h6m39s 3766 1h2m46s
20180228 0 0h0m0s 3087 0h51m27s 2013 0h33m33s
20180301 0 0h0m0s 853 0h14m13s 5786 1h36m26s
20180302 1 0h0m1s 3436 0h57m16s 5369 1h29m29s
20180303 0 0h0m0s 0 0h0m0s 3755 1h2m35ss
20180304 0 0h0m0s 1800 0h30m0s 0 0h0m0s
20180305 1 0h0m1s 3584 0h59m44s 1114 0h18m34s
20180306 9538 2h38m58s 1972 0h32m52s 661 0h11m1s
20180307 8118 2h15m18s 1200 3h20m0s 1 0h0m1s1s
20180308 12538 3h28m58s 9477 2h37m57s 0 0h0m0ss
20180309 11762 3h16m2s 9356 2h35m56s 0 0h0m0s
20180310 704 0h11m44s 0 0h0m0s 0 0h0m0s
20180311 1671 0h27m51s 3600 1h0m0s 0 0h0m0s
20180312 5232 1h27m12s 2652 0h44m12s 14088 3h54m48s
20180313 2293 0h38m13s 7110 1h58m30s 2000 0h33m20s
20180314 827 0h13m47s 3100 0h51m40s 12454 3h27m34s
20180316 3 0h0m3s 9709 2h41m49s 12990 3h36m30s
20180317 0 0h0m0s 0 0h0m0s 3425 0h57m5ss
20180318 1 0h0m1s 0 0h0m0s 37656 10h27m36s
20180319 0 0h0m0s 3663 1h1m3s 6803 1h53m23ss
20180320 0 0h0m0s 1800 0h30m0s 6343 1h45m43ss
20180321 0 0h0m0s 4733 1h18m53s 16744 4h39m4s
20180322 0 0h0m0s 2331 0h38m51s 4378 1h12m58s
20180323 0 0h0m0s 3552 0h59m12s 9671 2h41m11s
20180324 0 0h0m0s 0 0h0m0s 1800 0h30m
20180325 0 0h0m0s 2128 0h35m28s 30779 8h32m59s
20180326 194 0h3m14s 0 0h0m0s 1786 0h29m46s
20180327 0 0h0m0s 10338 2h52m18s 9285 2h34m5s
20180328 300 0h5m0s 4176 1h9m36s 15868 4h24m28s
20180329 3 0h0m3s 11261 3h7m41s 24180 6h43m0ss
20180330 0 0h0m0s 3196 0h53m16s 11141 3h5m41ss
20180331 0 0h0m0s 0 0h0m0s 14334 3h58m54s
20180401 1 0h0m1s 233 0h3m53s 32956 9h9m16ss
20180402 0 0h0m0s 10577 2h56m17s 15054 4h10m54s
20180403 1184 0h19m44s 3467 0h57m47s 10804 3h0m4s0s
20180404 0 0h0m0s 5474 1h31m14s 7978 2h12m58s
20180406 0 0h0m0s 1297 0h21m37s 1951 0h32m31s
20180407 0 0h0m0s 0 0h0m0s 1881 0h31m21s
20180408 0 0h0m0s 5343 1h29m3s 28856 8h0m56sss
20180409 0 0h0m0s 7513 2h5m13s 7598 2h6m38ss
20180410 188 0h3m8s 3690 1h1m30s 18272 5h4m32ss
20180411 0 0h0m0s 4708 1h18m28s 23458 6h30m58s
20180412 0 0h0m0s 1409 0h23m29s 17442 4h50m42s
20180413 1 0h0m1s 2407 0h40m7s 10818 3h0m18ss
20180414 0 0h0m0s 0 0h0m0s 3697 1h1m37ss
20180415 0 0h0m0s 0 0h0m0s 30257 8h24m17s

20180416 600 0h10m0s 2582 0h43m2s 27061 7h31m1sss == 8.4h
20180417 0 0h0m0s 1892 0h31m32s 26435 7h20m35s == 7.87h
20180418 0 0h0m0s 1152 0h19m12s 28040 7h47m20s == 8.11h
20180419 0 0h0m0s 1627 0h27m7s 21438 5h57m18s == 6.41h
20180420 0 0h0m0s 1431 0h23m51s 23046 6h24m6ss == 6.6h
20180421 0 0h0m0s 281 0h4m41s 8349 2h19m9ss == 2.4h
20180422 0 0h0m0s 0 0h0m0s 3600 1h0m0ss == 1h
         0.17h    2.5h        38.3 ---- （41h）

20180423 0 0h0m0s 1979 0h32m59s 18070 5h1m10ss
20180424 0 0h0m0s 1834 0h30m34s 13603 3h52m43s
20180425 0 0h0m0s 6819 1h53m39s 15645 4h20m45s
20180426 0 0h0m0s 1949 0h32m29s 16360 4h32m40s
20180427 0 0h0m0s 2660 0h44m20s 17686 4h54m46s
20180428 0 0h0m0s 399 0h6m39s 5670 1h34m30s
20180501 0 0 600 0h10m0s
20180502 1 0h0m1s 3436 0h57m16s 21492 5h58m12s
20180503 1 0h0m1s 1034 0h17m14s 18782 5h13m2ss
20180504 0 0h0m0s 1763 0h29m23s 19727 5h28m47s
20180505 0 0h0m0s 0 0h0m0s 4360 1h12m40s
20180507 0 0h0m0s 623 0h10m23s 16262 4h31m2ss
20180508 0 0h0m0s 1553 0h25m53s 18120 5h2m0sss
20180509 0 0h0m0s 702 0h11m42s 12275 3h24m35s
20180510 0 0h0m0s 4033 1h7m13s 13970 3h52m50s
20180511 483 0h8m3s 5410 1h30m10s 12846 3h34m6ss
20180514 0 0h0m0s 1500 0h25m0s 6439 1h47m19s
20180515 0 0h0m0s 4901 1h21m41s 17699 4h54m59s
20180516 2564 0h42m44s 1560 0h26m0s 9142 2h32m22s
20180517 0 0h0m0s 601 0h10m1s 4447 1h14m7ss
20180518 0 0h0m0s 3218 0h53m38s 7991 2h13m11s
20180519 0 0h0m0s 1800 0h30m0s 0 0h0m0s
20180520 561 0h9m21s 0 0h0m0s 0 0h0m0s
20180521 2580 0h43m0s 3111 0h51m51s 3523 0h58m43ss
20180522 0 0h0m0s 12670 3h31m10s 4003 1h6m43ss
20180523 0 0h0m0s 7640 2h7m20s 3202 0h53m22ss
20180524 0 0h0m0s 11174 3h6m14s 7804 2h10m4ss
20180525 0 0h0m0s 2422 0h40m22s 6496 1h48m16s
20180529 0 0h0m0s 2620 0h43m40s 8765 2h26m5ss
20180530 0 0h0m0s 6384 1h46m24s 6857 1h54m17s
20180531 0 0h0m0s 3101 0h51m41s 6452 1h47m32s
------------------------- 2018 06 --- 81.26h ------------------------------
20180601 0 0h0m0s 1959 0h32m39s 5099 1h24m59s == 7058= 1.96h
20180603 0 0h0m0s 3138 0h52m18s 0 0h0m0s ==3138= 0.87h
20180604 0 0h0m0s 986 0h16m26s 11210 3h6m50s ==12196= 3.39h
20180605 1270 0h21m10s 4077 1h7m57s 8575 2h22m55s ==13922= 3.87h
20180606 0 0h0m0s 2841 0h47m21s 11320 3h8m40s ==14161= 3.93h
20180607 0 0h0m0s 9463 2h37m43s 9826 2h43m46s ==19289= 5.36h
20180608 0 0h0m0s 4253 1h10m53s 8307 2h18m27s ==12560= 3.49h
20180610 2 0h0m2s 5750 1h35m50s 0 0h0m0s ==5750
20180611 0 0h0m0s 2034 0h33m54s 11168 3h6m8s9s ==18952
20180612 0 0h0m0s 11641 3h14m1s 7286 2h1m26ss  ==18927
20180613 0 0h0m0s 7303 2h1m43s 2596 0h43m16s ==9899
20180614 0 0h0m0s 9840 2h44m0s 2447 0h40m47ss ==12287
20180615 1 0h0m1s 1442 0h24m2s 19196 5h19m56s ==20638
20180619 0 0h0m0s 3276 0h54m36s 5645 1h34m5ss ==8921
20180620 0 0h0m0s 1821 0h30m21s 9094 2h31m34s ==10915
20180621 0 0h0m0s 3782 1h3m2s 9041 2h30m41s3s ==12823
20180622 0 0h0m0s 3408 0h56m48s 18416 5h6m56ss ==21824

20180625 0 0h0m0s 3657 1h0m57s 8955 2h29m15ss ==12612= 3.5h
20180626 0 0h0m0s 2723 0h45m23s 10263 2h51m3ss ==12986=  3.61h
20180627 0 0h0m0s 4139 1h8m59s 16412 4h33m32s ==20551= 5.71h
20180628 0 0h0m0s 1048 0h17m28s 19136 5h18m56s ==20184= 5.61h
20180629 0 0h0m0s 1957 0h32m37s 7294 2h1m34ss ==9251= 2.57h
------------------------- 2018 07 ---------------------------------
20180701 0 0h0m0s 0 0h0m0s 7200 2h0m0s ==7200= 2h 
                0h           3.71h       19.24h == 22.95h
20180702 0 0h0m0s 1077 0h17m57s 20693 5h44m53s ==21770= 6.05h
20180703 0 0h0m0s 767 0h12m47s 8870 2h27m50s ==9637= 2.68h
20180704 0 0h0m0s 6660 1h51m0s 9014 2h30m14ss ==15674= 4.35h
20180705 0 0h0m0s 1783 0h29m43s 9070 2h31m10s == 10853= 3.01h
20180706 0 0h0m0s 624 0h10m24s 11427 3h10m27s == 12051=3.35h
0h/3.03h/16.41h-----------19.44h

20180709 0 0h0m0s 899 0h14m59s 13398 3h43m18s ==14297=3.97h
20180710 0 0h0m0s 2034 0h33m54s 14572 4h2m52ss ==16606=4.61h  
20180711 3667 1h1m7s 3447 0h57m27s 12973 3h36m13s3s ==20087=5.58h
20180712 0 0h0m0s 1106 0h18m26s 18190 5h3m10ss ==19296=5.36h
20180713 0 0h0m0s 36 0h0m36s 16831 4h40m31s ==16867=4.69h
1.02h/2.09h/21.1h-----------24.21h

20180716 0 0h0m0s 1874 0h31m14s 13258 3h40m58s ==15132=4.2h
20180717 840 0h14m0s 2819 0h46m59s 15083 4h11m23s ==18742=5.21h
20180718 0 0h0m0s 802 0h13m22s 18462 5h7m42ss ==19264=5.35h
20180719 1 0h0m1s 1705 0h28m25s 19219 5h20m19s ==20924=5.81
20180720 0 0h0m0s 2987 0h49m47s 17644 4h54m4ss
20180722 0 0h0m0s 7200 2h0m0s 0 0h0m0s
20180723 0 0h0m0s 3429 0h57m9s 11229 3h7m9ssss
20180724 358 0h5m58s 8059 2h14m19s 11237 3h7m17ss
20180725 1138 0h18m58s 3811 1h3m31s 6370 1h46m10ss
20180726 0 0h0m0s 2351 0h39m11s 6902 1h55m2ss
20180727 0 0h0m0s 2201 0h36m41s 13255 3h40m55s
20180729 0 0h0m0s 5817 1h36m57s 0 0h0m0s
20180730 0 0h0m0s 259 0h4m19s 14946 4h9m6sss
20180731 0 0h0m0s 848 0h14m8s 25086 6h58m6ss
20180801 0 0h0m0s 3 0h0m3s 14101 3h55m1ss
20180802 0 0h0m0s 5503 1h31m43s 2120 0h35m20s
20180803 0 0h0m0s 2553 0h42m33s 11192 3h6m32s
20180806 1200 0h20m0s 753 0h12m33s 17841 4h57m21s
20180807 0 0h0m0s 70 0h1m10s 16904 4h41m44s
20180808 121 0h2m1s 788 0h13m8s 9238 2h33m58s
20180809 0 0h0m0s 126 0h2m6s 24254 6h44m14s
20180810 0 0h0m0s 666 0h11m6s 19674 5h27m54s
20180813 0 0h0m0s 1185 0h19m45s 14806 4h6m46ss
20180814 0 0h0m0s 668 0h11m8s 0 0h0m0s
20180815 0 0h0m0s 7803 2h10m3s 21 0h0m21ss
20180816 0 0h0m0s 2291 0h38m11s 0 0h0m0s
20180817 0 0h0m0s 2074 0h34m34s 0 0h0m0s
20180820 0 0h0m0s 1403 0h23m23s 19068 5h17m48s
20180821 0 0h0m0s 2401 0h40m1s 10177 2h49m37s
20180822 0 0h0m0s 2911 0h48m31s 3754 1h2m34s
20180823 0 0h0m0s 5626 1h33m46s 478 0h7m58s
20180824 0 0h0m0s 927 0h15m27s 3744 1h2m24ss
20180827 0 0h0m0s 1946 0h32m26s 11592 3h13m12s
20180828 0 0h0m0s 174 0h2m54s 13949 3h52m29s
20180829 0 0h0m0s 3329 0h55m29s 10833 3h0m33ss
20180830 0 0h0m0s 250 0h4m10s 18899 5h14m59s
20180831 2 0h0m2s 18 0h0m18s 16476 4h34m36s
20180903 0 0h0m0s 0 0h0m0s 6031 1h40m31s
20180904 0 0h0m0s 454 0h7m34s 4555 1h15m55s
20180905 0 0h0m0s 732 0h12m12s 5395 1h29m55s
20180906 0 0h0m0s 1183 0h19m43s 9314 2h35m14s
20180907 11 0h0m11s 1734 0h28m54s 9890 2h44m50s
20180911 1 0h0m1s 1779 0h29m39s 13498 3h44m58s
20180912 0 0h0m0s 3915 1h5m15s 10511 2h55m11ss
20180913 0 0h0m0s 991 0h16m31s 16186 4h29m46s
20180914 0 0h0m0s 927 0h15m27s 14621 4h3m41s
20180915 0 0h0m0s 3695 1h1m35s 1 0h0m1ss
20180916 0 0h0m0s 433 0h7m13s 0 0h0m0s
20180917 0 0h0m0s 5060 1h24m20s 1331 0h22m11s
20180918 0 0h0m0s 10632 2h57m12s 735 0h12m15s
20180919 0 0h0m0s 1821 0h30m21s 7056 1h57m36s
20180920 0 0h0m0s 12226 3h23m46s 15016 4h10m16s
20180921 0 0h0m0s 398 0h6m38s 18652 5h10m52s
20180925 0 0h0m0s 3220 0h53m40s 14719 4h5m19ss
20180926 0 0h0m0s 8526 2h22m6s 5514 1h31m54ss
20180927 0 0h0m0s 5733 1h35m33s 7703 2h8m23ss
20180928 0 0h0m0s 1493 0h24m53s 5580 1h33m0ss
20180929 0 0h0m0s 3533 0h58m53s 4758 1h19m18s
20180930 0 0h0m0s 816 0h13m36s 7859 2h10m59s
20181001 0 0h0m0s 864 0h14m24s 0 0h0m0s
20181002 0 0h0m0s 2700 0h45m24s 0 0h0m0s
20181003 0 0h0m0s 2700 0h45m24s 0 0h0m0s
20181007 300 0h5m0s 0 0h0m0s 0 0h0m0s
20181008 0 0h0m0s 2250 0h37m30s 19364 5h22m44s
20181009 2233 0h37m13s 4588 1h16m28s 20846 5h47m26s
20181010 2920 0h48m40s 1135 0h18m55s 16079 4h27m59s
20181011 1 0h0m1s 6334 1h45m34s 20294 5h38m14s
20181012 0 0h0m0s 3708 1h1m48s 16951 4h42m31ss
20181015 0 0h0m0s 4845 1h20m45s 7398 2h3m18ss
20181016 0 0h0m0s 7056 1h57m36s 8022 2h13m42s
20181017 1290 0h21m30s 1891 0h31m31s 17664 4h54m24s
20181018 0 0h0m0s 2652 0h44m12s 16374 4h32m54s
20181019 1767 0h29m27s 3485 0h58m5s 14168 3h56m8s
20181021 2341 0h39m1s 618 0h10m18s 0 0h0m0s
20181022 2605 0h43m25s 4284 1h11m24s 16960 4h42m40s
20181023 891 0h14m51s 1848 0h30m48s 10968 3h2m48s
20181024 4461 1h14m21s 1477 0h24m37s 16428 4h33m48s
20181025 870 0h14m30s 315 0h5m15s 21605 6h0m5s1s
20181026 1559 0h25m59s 3000 0h50m0s 7069 1h57m49s
20181027 0 0h0m0s 3063 0h51m3s 10565 2h56m5ss
20181028 562 0h9m22s 1209 0h20m9s 0 0h0m0s
20181029 1732 0h28m52s 10265 2h51m5s 11081 3h4m41s
20181030 596 0h9m56s 8080 2h14m40s 5355 1h29m15s
20181031 3984 1h6m24s 3253 0h54m13s 11 0h0m11ss
20181101 2173 0h36m13s 7027 1h57m7s 3957 1h5m57ss
20181102 4487 1h14m47s 3681 1h1m21s 8308 2h18m28ss
20181104 2128 0h35m28s 1395 0h23m15s 0 0h0m0s
20181105 5751 1h35m51s 6822 1h53m42s 4736 1h18m56s
20181106 1167 0h19m27s 3437 0h57m17s 16900 4h41m40s
20181107 1492 0h24m52s 7716 2h8m36s 11740 3h15m40s
20181108 26 0h0m26s 3942 1h5m42s 8795 2h26m35ss
20181109 625 0h10m25s 2602 0h43m22s 13549 3h45m49s
20181110 906 0h15m6s 677 0h11m17s 0 0h0m0s
20181111 2105 0h35m5s 736 0h12m16s 0 0h0m0s
20181112 8258 2h17m38s 7764 2h9m24s 2229 0h37m9ss
20181113 4451 1h14m11s 12279 3h24m39s 3880 1h4m40s
20181114 5583 1h33m3s 1830 0h30m30s 6921 1h55m21s
20181115 0 0h0m0s 4290 1h11m30s 12728 3h32m8ss
20181116 0 0h0m0s 1705 0h28m25s 16869 4h41m9ss
20181117 67 0h1m7s 2446 0h40m46s 16413 4h33m33s
20181118 0 0h0m0s 4230 1h10m30s 16288 4h31m28s
20181119 0 0h0m0s 3908 1h5m8s 14506 4h1m46ssss
20181128 4538 1h15m38s 1731 0h28m51s 14491 4h1m31s
20181129 5142 1h25m42s 1980 0h33m0s 24651 6h50m51s
20181130 0 0h0m0s 3903 1h5m3s 13538 3h45m38s8s
20181201 427 0h7m7s 2136 0h35m36s 12598 3h29m58s
20181202 0 0h0m0s 237 0h3m57s 6306 1h45m6ss
20181203 3928 1h5m28s 2140 0h35m40s 13590 3h46m30ss
20181204 4591 1h16m31s 3114 0h51m54s 22813 6h20m13s
20181205 3296 0h54m56s 770 0h12m50s 21694 6h1m34s
20181206 1873 0h31m13s 2572 0h42m52s 22189 6h9m49s
20181207 3013 0h50m13s 2715 0h45m15s 13323 3h42m3ss
20181209 2162 0h36m2s 3623 1h0m23s 10395 2h53m15ss
20181210 9216 2h33m36s 2235 0h37m15s 18632 5h10m32s
20181211 703 0h11m43s 3080 0h51m20s 16196 4h29m56s
20181212 123 0h2m3s 3165 0h52m45s 22960 6h22m40s
20181213 1410 0h23m30s 2040 0h34m0s 27853 7h44m13s
20181214 0 0h0m0s 4256 1h10m56s 4884 1h21m24s
20181217 665 0h11m5s 1930 0h32m10s 4211 1h10m11s
20181218 0 0h0m0s 4803 1h20m3s 7250 2h0m50ss
20181219 1823 0h30m23s 2002 0h33m22s 23015 6h23m35s
20181220 5617 1h33m37s 6119 1h41m59s 7299 2h1m39ss
20181221 6654 1h50m54s 364 0h6m4s 7266 2h1m6s7ss
20181223 275 0h4m35s 3135 0h52m15s 5507 1h31m47s

20181224 3622 1h5m22s 847 0h14m7s 8599 2h23m19ss
20181225 1007 0h16m47s 2338 0h38m58s 8882 2h28m2ss
20181226 1154 0h19m14s 1315 0h21m55s 8733 2h25m33s
20181227 0 0h0m0s 520 0h8m40s 6778 1h52m58s
20181228 1255 0h20m55s 1541 0h25m41s 3600 1h0m0s
20181229 0 0h0m0s 2344 0h39m4s 3899 1h4m59sss
20181230 1 0h0m1s 286 0h4m46s 857 0h14m17s
11.486h

20190101 0 0h0m0s 0 0h0m0s 5807 1h36m47s
20190102 0 0h0m0s 1446 0h24m6s 8341 2h19m1sss
20190103 0 0h0m0s 1129 0h18m49s 3871 1h4m31ss
20190104 0 0h0m0s 1255 0h20m55s 7155 1h59m15s
20190107 1 0h0m1s 2205 0h36m45s 7779 2h9m39ss
20190108 0 0h0m0s 3034 0h50m34s 6785 1h53m5ss
20190109 4153 1h9m13s 384 0h6m24s 0 0h0m0s8s
20190110 0 0h0m0s 816 0h13m36s 5981 1h39m41s
20190111 0 0h0m0s 325 0h5m25s 5443 1h30m43s
20190114 0 0h0m0s 1708 0h28m28s 820 0h13m40s
20190115 0 0h0m0s 1896 0h31m36s 4029 1h7m9sss
20190116 4349 1h12m29s 2467 0h41m7s 1 0h0m1s
20190117 1687 0h28m7s 4422 1h13m42s 2520 0h42m0s
20190118 0 0h0m0s 7054 1h57m34s 4486 1h14m46s
20190120 0 0h0m0s 0 0h0m0s 0 0h0m0s
20190121 6 0h0m6s 2179 0h36m19s 9542 2h39m2ss
20190122 0 0h0m0s 1946 0h32m26s 3325 0h55m25s
20190123 1 0h0m1s 4643 1h17m23s 215 0h3m35s
20190124 0 0h0m0s 1336 0h22m16s 992 0h16m32s
20190125 0 0h0m0s 2197 0h36m37s 2746 0h45m46s
20190127 0 0h0m0s 773 0h12m53s 0 0h0m0s
20190130 0 0h0m0s 935 0h15m35s 770 0h12m50s
20190131 1200 0h20m0s 931 0h15m31s 3930 1h5m30s
20190201 1800 0h30m0s 2007 0h33m27s 4176 1h9m36ss
20190204 0 0h0m0s 0 0h0m0s 2265 0h37m45s
20190205 0 0h0m0s 1373 0h22m53s 5506 1h31m46s
20190206 0 0h0m0s 1021 0h17m1s 0 0h0m0s
20190210 0 0h0m0s 1910 0h31m50s 0 0h0m0s
20190211 0 0h0m0s 783 0h13m3s 1073 0h17m53s
20190212 0 0h0m0s 1520 0h25m20s 3367 0h56m7ss
20190213 0 0h0m0s 1804 0h30m4s 9608 2h40m8sss
20190214 0 0h0m0s 647 0h10m47s 6542 1h49m2s
20190215 0 0h0m0s 2224 0h37m4s 5313 1h28m33s
20190216 0 0h0m0s 1714 0h28m34s 4313 1h11m53s
20190217 0 0h0m0s 2701 0h45m1s 2876 0h47m56s
20190218 234 0h3m54s 641 0h10m41s 1681 0h28m1s
20190219 0 0h0m0s 0 0h0m0s 4939 1h22m19s
20190220 1 0h0m1s 1956 0h32m36s 1642 0h27m22s
20190221 1165 0h19m25s 353 0h5m53s 5581 1h33m1ss
20190222 359 0h5m59s 2946 0h49m6s 1647 0h27m27s
20190223 5442 1h30m42s 1283 0h21m23s 6 0h0m6s
20190224 0 0h0m0s 2229 0h37m9s 0 0h0m0s
20190225 2342 0h39m2s 422 0h7m2s 567 0h9m27ss
20190226 0 0h0m0s 31 0h0m31s 644 0h10m44s
20190227 0 0h0m0s 1077 0h17m57s 1287 0h21m27s
20190228 0 0h0m0s 2045 0h34m5s 0 0h0m0s
20190301 162 0h2m42s 2723 0h45m23s 2514 0h41m54s
20190302 3433 0h57m13s 1331 0h22m11s 2083 0h34m43s
20190303 3808 1h3m28s 1037 0h17m17s 148 0h2m28ss
20190304 2877 0h47m57s 1823 0h30m23s 0 0h0m0s
20190305 4085 1h8m5s 9969 2h46m9s 0 0h0m0sss
20190306 8214 2h16m54s 2401 0h40m1s 518 0h8m38ss
20190307 2748 0h45m48s 6223 1h43m43s 0 0h0m0s
20190308 6370 1h46m10s 2615 0h43m35s 553 0h9m13s
20190311 5226 1h27m6s 4057 1h7m37s 1815 0h30m15sss
20190312 13117 3h38m37s 3773 1h2m53s 342 0h5m42ss
20190313 9851 2h44m11s 1527 0h25m27s 1976 0h32m56ss
20190314 3300 0h55m0s 676 0h11m16s 5588 1h33m8ss
20190315 5608 1h33m28s 2872 0h47m52s 9321 2h35m21s
20190316 1247 0h20m47s 0 0h0m0s 0 0h0m0s
20190317 0 0h0m0s 1983 0h33m3s 0 0h0m0s
20190318 1555 0h25m55s 2935 0h48m55s 4023 1h7m3s
20190319 5228 1h27m8s 7785 2h9m45s 3410 0h56m50sss
20190320 5939 1h38m59s 2630 0h43m50s 0 0h0m0s
20190324 2902 0h48m22s 0 0h0m0s 4 0h0m4s
20190325 2784 0h46m24s 0 0h0m0s 0 0h0m0s
20190326 0 0h0m0s 1174 0h19m34s 7200 2h0m0s
20190327 0 0h0m0s 1416 0h23m36s 4963 1h22m43s
20190327 3000 0h50m0s 
20190329 600 0h10m0s 1110 0h18m30s 5256 1h27m36s
20190330 472 0h7m52s 368 0h6m8s 1472 0h24m32s
20190331 0 0h0m0s 291 0h4m51s 2594 0h43m14s

20190401 1200 0h20m0s 2020 0h33m40s 6277 1h44m37s
20190402 3484 0h58m4s 4393 1h13m13s 6673 1h51m13ss
20190403 2385 0h39m45s 807 0h13m27s 0 0h0m0s
20190404 8684 2h24m44s 597 0h9m57s 13922 3h52m2s
20190405 2198 0h36m38s 547 0h9m7s 0 0h0m0s
20190406 300 0h5m0s 0 0h0m0s 0 0h0m0s
20190407 8460 2h21m0s 1648 0h27m28s 623 0h10m23ss
24731（6.87h） 10012（2.78h） 27495（7.63h）
共17.28

20190408 9560 2h39m20s 2461 0h41m1s 1200 0h20m0s
20190409 6632 1h50m32s 1303 0h21m43s 5493 1h31m33s
20190410 1800 0h30m0s 1150 0h19m10s 12831 3h33m51s
20190411 8268 2h17m48s 3200 0h53m20s 6126 1h42m6ss
20190412 13637 3h47m17s 655 0h10m55s 7029 1h57m9s
20190413 6748 1h52m28s 3014 0h50m14s 8595 2h23m15s
20190414 1612 0h26m52s 1197 0h19m57s 87 0h1m27s
48257（13.4h）12980（3.6h）41361（11.5h）
共28.5h
20190415 1800 0h30m0s 1659 0h27m39s 7063 1h57m43s
20190416 1 0h0m1s 62 0h1m2s 7648 2h7m28ss
20190417 0 0h0m0s 3551 0h59m11s 10139 2h48m59s
20190418 0 0h0m0s 4125 1h08m45s 1894 0h31m34s
20190419 0 0h0m0s 1003 0h16m43s 6692 1h51m32s
20190420 0 0h0m0s 802 0h13m22s 3494 0h58m14s
20190421 1 0h0m1s 912 0h15m12s 8375 2h19m35s
1800(0.5h) 12114(3.37h) 45305(12.59h)
共16.45h

20190422 4 0h0m4s 539 0h8m59s 10144 2h49m4s
20190423 2100 0h35m0s 1430 0h23m50s 10587 2h56m27s
20190424 343 0h5m43s 646 0h10m46s 2653 0h44m13s
20190425 1800 0h30m0s 2215 0h36m55s 11861 3h17m41s
20190426 22 0h0m22s 4319 1h11m59s 4030 1h7m10ss
20190427 1894 0h31m34s 2730 0h45m30s 12712 3h31m52s
20190428 5055 0h54m15s 483 0h8m3s 53 0h0m53s
20190429 6151 1h42m31s 874 0h14m34s 78 0h1m18s
20190430 5355 1h29m15s 2086 0h34m46s 0 0h0m0s
20190501 646 0h10m46s 0 0h0m0s 0 0h0m0s
20190504 1871 0h31m11s 2401 0h40m1s 223 0h3m43s
20190505 0 0h0m0s 1365 0h22m45s 6543 1h49m3ss
20190506 1400 0h23m20s 3297 0h54m57s 16806 4h40m6s
20190507 0 0h0m0s 0 0h0m0s 25560 7h6m0sss
20190508 0 0h0m0s 213 0h3m33s 33539 9h18m59s
20190509 1183 0h19m43s 667 0h11m7s 15800 4h23m20s
20190510 0 0h0m0s 664 0h11m4s 11338 3h8m58s
20190511 0 0h0m0s 973 0h16m13s 10206 2h50m6s
20190512 0 0h0m0s 501 0h8m21s 17818 4h56m58s
20190513 1301 0h21m41s 348 0h5m48s 26550 7h22m30s
20190514 0 0h0m0s 274 0h4m34s 27618 7h40m18s
20190515 0 0h0m0s 908 0h15m8s 11409 3h10m9ss
20190516 1528 0h25m28s 841 0h14m1s 6732 1h52m12s
20190517 427 0h7m7s 0 0h0m0s 23159 6h25m59s
20190518 476 0h7m56s 353 0h5m53s 6983 1h56m23s
20190519 2720 0h45m20s 1021 0h17m1s 2043 0h34m3s
20190520 3636 1h0m36s 594 0h9m54s 11522 3h12m2ss
20190521 1908 0h31m48s 546 0h9m6s 20867 5h47m47s
20190522 0 0h0m0s 236 0h3m56s 16640 4h37m20s
20190523 0 0h0m0s 337 0h5m37s 17422 4h50m22s
20190524 0 0h0m0s 405 0h6m45s 19910 5h31m50s
20190525 0 0h0m0s 168 0h2m48s 12562 3h29m22s
20190526 0 0h0m0s 0 0h0m0s 5269 1h27m49s
20190527 1851 0h30m51s 3618 1h0m18s 15976 4h26m16s
20190528 2 0h0m2s 1290 0h21m30s 14663 4h4m23ss
20190529 1530 0h25m30s 741 0h12m21s 18765 5h12m45s
20190530 2567 0h42m47s 512 0h8m32s 19202 5h20m2ss
20190531 4649 1h17m29s 353 0h5m53s 21980 6h6m20ss
20190601 4826 0h30m26s 1583 0h26m23s 1299 0h21m39s
20190602 0 0h0m0s 198 0h3m18s 5382 1h29m42s
20190603 10407 2h53m27s 628 0h10m28s 17317 4h48m37s
20190604 7588 2h6m28s 1251 0h20m51s 13221 3h40m21ss
20190605 889 0h14m49s 0 0h0m0s 20016 5h33m36s
20190606 5324 1h28m44s 466 0h7m46s 15125 4h12m5ss
20190607 5957 1h39m17s 817 0h13m37s 4596 1h16m36s
20190608 3600 1h0m0s 0 0h0m0s 0 0h0m0s
20190609 2130 0h35m30s 138 0h2m18s 17123 4h45m23s
20190610 0 0h0m0s 0 0h0m0s 17282 4h48m2ss
20190611 4239 1h10m39s 0 0h0m0s 11330 3h8m50ss
20190612 3685 1h1m25s 921 0h15m21s 11000 3h3m20ss
20190613 0 0h0m0s 0 0h0m0s 1104 0h18m24s
20190614 6035 1h40m35s 510 0h8m30s 11274 3h7m54ss
20190615 0 0h0m0s 0 0h0m0s 2103 0h35m3ss
20190617 0 0h0m0s 1179 0h19m39s 17351 4h49m11s
20190618 0 0h0m0s 8918 2h28m38s 743 0h12m23s
20190619 0 0h0m0s 3614 1h0m14s 21846 6h4m6ss1s
20190620 0 0h0m0s 656 0h10m56s 10439 2h53m59s
20190621 5345 1h29m5s 720 0h12m0s 3959 1h5m59sss
20190622 5102 1h25m2s 973 0h16m13s 3054 0h50m54ss
20190623 833 0h13m53s 506 0h8m26s 0 0h0m0s
20190624 1370 0h22m50s 1033 0h17m13s 2233 0h37m13s
20190625 6666 1h51m6s 1943 0h32m23s 6011 1h40m11s
20190626 5487 1h31m27s 1298 0h21m38s 18603 5h10m3s
20190627 8350 2h19m10s 2702 0h45m2s 2293 0h38m13ss
20190628 6551 1h49m11s 0 0h0m0s 14161 3h56m1ss
20190630 0 0h0m0s 0 0h0m0s 5729 1h35m29s
20190701 3823 1h3m43s 2052 0h34m12s 6733 1h52m13ss
20190702 3102 0h51m42s 235 0h3m55s 1750 0h29m10s
20190703 109 0h1m49s 417 0h6m57s 10823 3h0m23s
20190704 6240 1h44m0s 243 0h4m3s 7537 2h5m37ssss
20190705 4637 1h17m17s 268 0h4m28s 8425 2h20m25s
20190707 0 0h0m0s 593 0h9m53s 6048 1h40m48s
20190708 1738 0h28m58s 0 0h0m0s 10114 2h48m34s
20190709 12086 3h21m26s 1850 0h30m50s 7625 2h7m5s
20190710 6462 1h47m42s 2216 0h36m56s 11539 3h12m19s
20190711 0 0h0m0s 0 0h0m0s 13671 3h47m51s
20190712 4769 1h19m29s 1243 0h20m43s 8592 2h23m12s
20190713 0 0h0m0s 303 0h5m3s 8450 2h20m50s
20190714 1188 0h19m48s 1622 0h27m2s 2200 0h36m40s
20190715 48 0h0m48s 127 0h2m7s 12198 3h23m18s
20190716 2473 0h41m13s 402 0h6m42s 980 0h16m20s
20190717 687 0h11m27s 1042 0h17m22s 8241 2h17m21s
20190718 5274 1h27m54s 925 0h15m25s 5511 1h31m51s
20190719 4311 1h11m51s 218 0h3m38s 14648 4h4m8sss
20190720 792 0h13m12s 4596 1h16m36s 1932 0h32m12s
20190721 0 0h0m0s 0 0h0m0s 3703 1h1m43ss
20190722 2939 0h48m59s 1638 0h27m18s 20385 5h39m45s
20190723 431 0h7m11s 567 0h9m27s 8721 2h25m21s
20190724 0 0h0m0s 1331 0h22m11s 17132 4h45m32s
20190725 6235 1h43m55s 377 0h6m17s 13633 3h47m13s
20190726 629 0h10m29s 6160 1h42m40s 16079 4h27m59s
20190727 0 0h0m0s 1558 0h25m58s 8438 2h20m38s
20190728 0 0h0m0s 369 0h6m9s 268 0h4m28ss
20190729 769 0h12m49s 20062 5h34m22s 5133 1h25m33s
20190730 0 0h0m0s 121 0h2m1s 0 0h0m0s
20190731 1876 0h31m16s 5045 1h24m5s 9919 2h45m19s
20190801 1254 0h20m54s 1245 0h20m45s 3884 1h4m44s
20190802 5999 1h39m59s 0 0h0m0s 5292 1h28m12s
20190803 3882 1h4m42s 147 0h2m27s 6340 1h45m40s
20190804 6246 1h44m6s 89 0h1m29s 1025 0h17m5ss
20190805 42 0h0m42s 0 0h0m0s 0 0h0m0s
20190806 1215 0h20m15s 0 0h0m0s 0 0h0m0s
20190807 221 0h3m41s 469 0h7m49s 0 0h0m0s
20190808 3475 0h57m55s 0 0h0m0s 0 0h0m0s
20190810 594 0h9m54s 338 0h5m38s 0 0h0m0s
20190811 1395 0h23m15s 692 0h11m32s 0 0h0m0s
20190816 0 0h0m0s 865 0h14m25s 0 0h0m0s
20190820 1049 0h17m29s 543 0h9m3s 47 0h0m47s
20190821 6780 1h53m0s 0 0h0m0s 0 0h0m0ss
20190822 12356 3h25m56s 0 0h0m0s 0 0h0m0s
20190823 10930 3h2m10s 953 0h15m53s 901 0h15m1ss
20190824 2446 0h40m46s 293 0h4m53s 1409 0h23m29s
20190825 4099 1h8m19s 2120 0h35m20s 567 0h9m27s
20190826 6923 1h55m23s 3 0h0m3s 0 0h0m0s
20190827 4466 1h14m26s 3008 0h50m8s 0 0h0m0s
20190828 3200 0h53m20s 337 0h5m37s 0 0h0m0s
20190829 18915 5h15m15s 534 0h8m54s 0 0h0m0s
20190830 789 0h13m9s 428 0h7m8s 0 0h0m0sss
20190831 1367 0h22m47s 156 0h2m36s 0 0h0m0s
20190901 6949 1h55m49s 708 0h11m48s 0 0h0m0s
20190902 15299 4h14m59s 0 0h0m0s 0 0h0m0s
20190903 6776 1h52m56s 0 0h0m0s 0 0h0m0s
20190904 13208 3h40m8s 2845 0h47m25s 0 0h0m0ss
20190905 7585 2h6m25s 1624 0h27m4s 137 0h2m17sss
20190906 4192 1h9m52s 1980 0h33m0s 0 0h0m0sss
20190907 11303 3h8m23s 1275 0h21m15s 0 0h0m0s
20190908 150 0h2m30s 364 0h6m4s 0 0h0m0s
20190909 2623 0h43m43s 342 0h5m42s 0 0h0m0s
20190910 7333 2h2m13s 1262 0h21m2s 0 0h0m0ss
20190911 10601 2h56m41s 7 0h0m7s 445 0h7m25s
20190912 4274 1h11m14s 2 0h0m2s 10326 2h52m6s
20190915 0 0h0m0s 1431 0h23m51s 0 0h0m0s
20190917 1309 0h21m49s 1272 0h21m12s 8878 2h27m58s
20190918 4234 1h10m34s 2610 0h43m30s 8308 2h18m28s
20190919 2265 0h37m45s 801 0h13m21s 14913 4h8m33ss
20190920 3567 0h59m27s 1313 0h21m53s 11048 3h4m8ss
20190921 985 0h16m25s 1436 0h23m56s 8694 2h24m54s
20190923 295 0h4m55s 1510 0h25m10s 14185 3h56m25s
20190924 4541 1h15m41s 743 0h12m23s 14694 4h4m54ss
20190925 9386 2h36m26s 518 0h8m38s 7787 2h9m47ss
20190926 3509 0h58m29s 1240 0h20m40s 11125 3h5m25s
20190927 6037 1h40m37s 1434 0h23m54s 15785 4h23m5s
20190928 4963 1h22m43s 380 0h6m20s 9656 2h40m56s
20190929 2964 0h49m24s 254 0h4m14s 17038 4h43m58s
20190930 26 0h0m26s 4508 1h15m8s 14265 3h57m45s
20191008 2156 0h35m56s 1892 0h31m32s 16018 4h26m58s
20191009 6103 1h41m43s 430 0h7m10s 16929 4h42m9ss
20191010 2160 0h36m0s 20 0h0m20s 15429 4h17m9ss
20191011 0 0h0m0s 0 0h0m0s 10368 2h52m48s
20191012 0 0h0m0s 394 0h6m34s 8861 2h27m41s
20191014 226 0h3m46s 144 0h2m24s 21994 6h6m34ss
20191015 0 0h0m0s 1353 0h22m33s 16590 4h36m30s
20191016 730 0h12m10s 0 0h0m0s 19446 5h24m6ss
20191017 259 0h4m19s 344 0h5m44s 6127 1h42m7ss
20191018 0 0h0m0s 398 0h6m38s 18594 5h9m54s
20191019 2207 0h36m47s 0 0h0m0s 11471 3h11m11s
20191021 0 0h0m0s 0 0h0m0s 17672 4h54m32ss
20191022 0 0h0m0s 0 0h0m0s 30083 8h21m23s
20191023 0 0h0m0s 18 0h0m18s 20485 5h41m25ss
20191025 0 0h0m0s 229 0h3m49s 7452 2h4m12ss
20191026 0 0h0m0s 0 0h0m0s 5670 1h34m30s
20191028 0 0h0m0s 86 0h1m26s 8976 2h29m36s
20191029 2677 0h44m37s 715 0h11m55s 4762 1h19m22s
20191030 2596 0h43m16s 452 0h7m32s 16183 4h29m43s
20191031 339 0h5m39s 290 0h4m50s 13248 3h40m48s
20191101 1427 0h23m47s 371 0h6m11s 2925 0h48m45s
20191104 288 0h4m48s 1432 0h23m52s 12958 3h35m58s
20191105 2428 0h40m28s 1947 0h32m27s 10720 2h58m40s
20191106 461 0h7m41s 138 0h2m18s 14668 4h4m28s
20191107 0 0h0m0s 0 0h0m0s 17628 4h53m48s
20191108 0 0h0m0s 1433 0h23m53s 17327 4h48m47s
20191110 0 0h0m0s 694 0h11m34s 0 0h0m0s
20191111 3968 1h6m8s 475 0h7m55s 5968 1h39m28s8s
20191112 2 0h0m2s 3462 0h57m42s 9935 2h45m35s
20191113 0 0h0m0s 617 0h10m17s 15544 4h19m4s
20191114 0 0h0m0s 1490 0h24m50s 20550 5h42m30s
20191115 1776 0h29m36s 1979 0h32m59s 4450 1h14m10s
20191116 0 0h0m0s 907 0h15m7s 8566 2h22m46ss
20191118 110 0h1m50s 3253 0h54m13s 5549 1h32m29s
20191119 0 0h0m0s 3182 0h53m2s 7397 2h3m17ss
20191120 0 0h0m0s 300 0h5m0s 7310 2h1m50ss
20191121 0 0h0m0s 939 0h15m39s 24477 6h47m57s
20191122 0 0h0m0s 0 0h0m0s 17020 4h43m40s
20191123 0 0h0m0s 0 0h0m0s 13252 3h40m52s
20191125 2290 0h38m10s 3667 1h1m7s 17646 4h54m6ss
20191126 1553 0h25m53s 532 0h8m52s 15792 4h23m12s
20191127 5 0h0m5s 599 0h9m59s 19265 5h21m5s0s
20191128 958 0h15m58s 1127 0h18m47s 13647 3h47m27s
20191129 717 0h11m57s 0 0h0m0s 18651 5h10m51s
20191130 0 0h0m0s 470 0h7m50s 10244 2h50m44s
20191202 0 0h0m0s 192 0h3m12s 15920 4h25m20s
20191203 0 0h0m0s 689 0h11m29s 15415 4h16m55s
20191204 0 0h0m0s 1246 0h20m46s 20930 5h48m50s
20191205 1735 0h28m55s 2089 0h34m49s 9702 2h41m42s
20191206 0 0h0m0s 3511 0h58m31s 5107 1h25m7s
20191207 0 0h0m0s 799 0h13m19s 0 0h0m0s
20191209 0 0h0m0s 9582 2h39m42s 18 0h0m18s
20191210 0 0h0m0s 3241 0h54m1s 2448 0h40m48ss
20191211 0 0h0m0s 887 0h14m47s 8666 2h24m26s
20191216 0 0h0m0s 2726 0h45m26s 0 0h0m0s
20191217 0 0h0m0s 492 0h8m12s 0 0h0m0s
20191218 0 0h0m0s 7619 2h6m59s 0 0h0m0ss
20191219 0 0h0m0s 3688 1h1m28s 3411 0h56m51ss
20191220 24 0h0m24s 6704 1h51m44s 153 0h2m33s
20191223 2011 0h33m31s 2496 0h41m36s 6524 1h48m44s
20191224 0 0h0m0s 1382 0h23m2s 8201 2h16m41s
20191225 0 0h0m0s 2234 0h37m14s 6561 1h49m21s
20191226 749 0h12m29s 2262 0h37m42s 6993 1h56m33s
20191227 2761 0h46m1s 2917 0h48m37s 11297 3h8m17ss
20191230 0 0h0m0s 3788 1h3m8s 9885 2h44m45s7s
20191231 0 0h0m0s 2 0h0m2s 10811 3h0m11s
20200102 0 0h0m0s 8 0h0m8s 14002 3h53m22s
20200103 13 0h0m13s 972 0h16m12s 10199 2h49m59s
20200104 0 0h0m0s 6398 1h46m38s 4074 1h7m54ss
20200106 5663 1h34m23s 9363 2h36m3s 1503 0h25m3s
20200107 1767 0h29m27s 11102 3h5m2s 0 0h0m0ss
20200108 4724 1h18m44s 7539 2h5m39s 2732 0h45m32s
20200109 8373 2h19m33s 2118 0h35m18s 1736 0h28m56ss
20200110 6373 1h46m13s 5327 1h28m47s 1968 0h32m48s
20200111 5382 1h29m42s 3136 0h52m16s 0 0h0m0s
20200113 7630 2h7m10s 6843 1h54m3s 4518 1h15m18sss
20200114 8832 2h27m12s 3487 0h58m7s 3984 1h6m24sss
20200115 7422 2h3m42s 3641 1h0m41s 669 0h11m9ss
20200116 5858 1h37m38s 574 0h9m34s 360 0h6m0s
20200117 4540 1h15m40s 493 0h8m13s 1154 0h19m14ss
20200119 9519 2h38m39s 77 0h1m17s 2312 0h38m32s
20200120 12165 3h22m45s 519 0h8m39s 1 0h0m1s
20200121 998 0h16m38s 5375 1h29m35s 0 0h0m0s
20200122 0 0h0m0s 370 0h6m10s 0 0h0m0s
20200123 0 0h0m0s 383 0h6m23s 0 0h0m0s
20200126 1911 0h31m51s 0 0h0m0s 0 0h0m0s
20200127 494 0h8m14s 39 0h0m39s 0 0h0m0s
20200128 720 0h12m0s 847 0h14m7s 0 0h0m0s
20200129 724 0h12m4s 139 0h2m19s 0 0h0m0s
20200130 2719 0h45m19s 1080 0h18m0s 0 0h0m0s
20200131 4015 1h6m55s 0 0h0m0s 0 0h0m0ss
20200201 3129 0h52m9s 433 0h7m13s 0 0h0m0ss
20200202 4274 1h11m14s 3874 1h4m34s 0 0h0m0s
20200203 7064 1h57m44s 139 0h2m19s 4071 1h7m51s
20200204 13274 3h41m14s 1034 0h17m14s 2748 0h45m48s
20200205 11522 3h12m2s 2376 0h39m36s 3652 1h0m52ss
20200206 4293 1h11m33s 903 0h15m3s 12267 3h24m27ss
20200207 7290 2h1m30s 664 0h11m4s 4609 1h16m49ss
20200208 0 0h0m0s 0 0h0m0s 655 0h10m55s
20200209 10880 3h1m20s 1172 0h19m32s 0 0h0m0ss
20200210 1000 0h16m40s 275 0h4m35s 11463 3h11m3ss
20200211 8457 2h20m57s 1216 0h20m16s 10937 3h2m17ss
20200212 6766 1h52m46s 13741 3h49m1s 6422 1h47m2sss
20200213 10456 2h54m16s 3319 0h55m19s 9456 2h37m36s
20200214 0 0h0m0s 8327 2h18m47s 3357 0h55m57s
20200215 690 0h11m30s 4076 1h7m56s 3610 1h0m10ss
20200216 461 0h7m41s 0 0h0m0s 0 0h0m0s
20200217 9395 2h36m35s 1827 0h30m27s 200 0h3m20s
20200218 15310 4h15m10s 2485 0h41m25s 3068 0h51m8s
20200219 10997 3h3m17s 7445 2h4m5s 6355 1h45m55sss
20200220 10799 2h59m59s 7355 2h2m35s 7394 2h3m14ss
20200221 1959 0h32m39s 6766 1h52m46s 6077 1h41m17s
20200222 0 0h0m0s 4366 1h12m46s 0 0h0m0s
20200223 1250 0h20m50s 10657 2h57m37s 0 0h0m0s
20200224 796 0h13m16s 7648 2h7m28s 0 0h0m0ss
20200225 0 0h0m0s 318 0h5m18s 0 0h0m0s
20200226 1182 0h19m42s 11513 3h11m53s 0 0h0m0s
20200227 0 0h0m0s 17067 4h44m27s 0 0h0m0s
20200228 686 0h11m26s 8893 2h28m13s 0 0h0m0s
20200229 0 0h0m0s 2026 0h33m46s 0 0h0m0s
20200301 845 0h14m5s 3025 0h50m25s 0 0h0m0ss
20200302 230 0h3m50s 4516 1h15m16s 0 0h0m0s
20200303 0 0h0m0s 673 0h11m13s 0 0h0m0s
20200304 3370 0h56m10s 4898 1h21m38s 469 0h7m49s
20200305 3368 0h56m8s 2817 0h46m57s 700 0h11m40ss
20200306 10917 3h1m57s 8076 2h14m36s 0 0h0m0s
20200307 6528 1h48m48s 1019 0h16m59s 0 0h0m0s
20200308 279 0h4m39s 1568 0h26m8s 0 0h0m0s
20200309 6880 1h54m40s 8373 2h19m33s 10938 3h2m18ss
20200310 9212 2h33m32s 8164 2h16m4s 5264 1h27m44ss
20200311 7525 2h5m25s 5100 1h25m0s 9543 2h39m3ssss
20200312 6008 1h40m8s 7073 1h57m53s 10984 3h3m4sss
20200313 8970 2h29m30s 7145 1h59m5s 12892 3h34m52ss
20200314 1043 0h17m23s 13245 3h40m45s 8989 2h29m49s
20200315 3 0h0m3s 1505 0h25m5s 0 0h0m0s
20200316 7913 2h11m53s 4580 1h16m20s 14522 4h2m2s0s
20200317 6923 1h55m23s 6908 1h55m8s 9403 2h36m43ss
20200318 11105 3h5m5s 1532 0h25m32s 10921 3h2m1ss2s
20200319 7862 2h11m2s 521 0h8m41s 18017 5h0m17sss
20200320 1484 0h24m44s 3490 0h58m10s 14105 3h55m5ss
20200321 0 0h0m0s 1105 0h18m25s 0 0h0m0s
20200322 491 0h8m11s 266 0h4m26s 0 0h0m0s
20200323 13655 3h47m35s 5732 1h35m32s 10619 2h56m59s
20200324 8348 2h19m8s 3368 0h56m8s 12745 3h32m25sss
20200325 6152 1h42m32s 869 0h14m29s 18247 5h4m7sss
20200326 22673 6h17m53s 1123 0h18m43s 3142 0h52m22s
20200327 11869 3h17m49s 1583 0h26m23s 11380 3h9m40s
20200328 2199 0h36m39s 1767 0h29m27s 3561 0h59m21s
20200329 7873 2h11m13s 3189 0h53m9s 0 0h0m0ss
20200330 11901 3h18m21s 4679 1h17m59s 13794 3h49m54s
20200331 1136 0h18m56s 19793 5h29m53s 0 0h0m0s
20200401 7319 2h1m59s 3583 0h59m43s 11902 3h18m22s
20200402 16070 4h27m50s 2102 0h35m2s 1142 0h19m2s
20200403 9218 2h33m38s 2966 0h49m26s 6191 1h43m11s
20200404 1328 0h22m8s 1 0h0m1s 0 0h0m0s
20200406 10916 3h1m56s 4039 1h7m19s 9354 2h35m54s
20200407 9986 2h46m26s 6149 1h42m29s 6850 1h54m10s
20200408 6607 1h50m7s 7156 1h59m16s 15011 4h10m11ss
20200409 2522 0h42m2s 1083 0h18m3s 23637 6h33m57sss
20200410 2715 0h45m15s 514 0h8m34s 18024 5h0m24s2s
20200411 1575 0h26m15s 2256 0h37m36s 0 0h0m0s
20200412 2559 0h42m39s 2198 0h36m38s 0 0h0m0ss
20200413 390 0h6m30s 4831 1h20m31s 14269 3h57m49s
20200414 2218 0h36m58s 1758 0h29m18s 11823 3h17m3s7s
20200415 8132 2h15m32s 1889 0h31m29s 7180 1h59m40s
20200416 6876 1h54m36s 921 0h15m21s 13941 3h52m21s
20200417 10322 2h52m2s 1823 0h30m23s 16209 4h30m9sss
20200418 5626 1h33m46s 1883 0h31m23s 10814 3h0m14ss
20200420 13865 3h51m5s 7115 1h58m35s 5908 1h38m28ss
20200421 12022 3h20m22s 2955 0h49m15s 8592 2h23m12s
20200422 11651 3h14m11s 7048 1h57m28s 16052 4h27m32s
20200423 13146 3h39m6s 1556 0h25m56s 17254 4h47m34ss
20200424 4939 1h22m19s 1029 0h17m9s 17636 4h53m56s
20200426 8199 2h16m39s 1990 0h33m10s 14099 3h54m59s
20200427 9020 2h30m20s 1263 0h21m3s 23595 6h33m15s
20200428 8938 2h28m58s 1061 0h17m41s 16686 4h38m6ss
20200429 6821 1h56m41s 764 0h12m44s 19464 5h24m24ss
20200430 6616 1h50m16s 7808 2h10m8s 5266 1h27m46ss
20200501 5921 1h36m41s 2248 0h37m28s 0 0h0m0s
20200503 1800 0h30m0s
20200506 4730 1h18m50s 10898 3h1m38s 13500 3h45m0ss
20200507 14427 4h0m27s 2899 0h48m19s 12930 3h35m30ss
20200508 7169 1h59m29s 4070 1h7m50s 15394 4h16m34ss
20200509 4500 1h15m0s 1658 0h27m38s 15561 4h19m21s
20200510 1388 0h23m8s 1140 0h19m0s 0 0h0m0s
20200511 10535 2h55m35s 2449 0h40m49s 14243 3h57m23s
20200512 9635 2h40m35s 851 0h14m11s 13405 3h43m25s
20200513 12495 3h28m15s 2128 0h35m28s 7596 2h6m36s
20200514 7770 2h9m30s 5187 1h26m27s 16038 4h27m18ss
20200515 7935 2h12m15s 4097 1h8m17s 6854 1h54m14sss
20200516 717 0h11m57s 157 0h2m37s 0 0h0m0s
20200517 3411 0h56m51s 756 0h12m36s 0 0h0m0s
20200518 11163 3h6m3s 6311 1h45m11s 10315 2h51m55ss
20200519 5844 1h37m24s 4955 1h22m35s 12066 3h21m6s
20200520 5051 1h24m11s 1759 0h29m19s 16722 4h38m42ss
20200521 13582 3h46m22s 2169 0h36m9s 9134 2h32m14ss
20200522 10187 2h49m47s 3037 0h50m37s 7050 1h57m30s
20200523 6007 1h40m7s 0 0h0m0s 0 0h0m0s
20200525 9403 2h36m43s 3414 0h56m54s 16238 4h30m38s
20200526 7255 2h0m55s 1813 0h30m13s 23111 6h25m11ss
20200527 1756 0h29m16s 890 0h14m50s 24032 6h40m32s
20200528 10050 2h47m30s 2397 0h39m57s 17564 4h52m44sh52m44s
20200529 6055 1h40m55s 1563 0h26m3s 23806 6h36m46s
20200530 6684 1h51m24s 1240 0h20m40s 15122 4h12m2s
20200531 4594 1h16m34s 465 0h7m45s 0 0h0m0s
20200601 791 0h13m11s 1130 0h18m50s 0 0h0m0s
20200602 7220 2h0m20s 409 0h6m49s 1000 0h16m40ss
20200603 8801 2h26m41s 1974 0h32m54s 14428 4h0m28ss
20200604 7789 2h9m49s 12185 3h23m5s 15567 4h19m27sss
20200605 442 0h7m22s 5565 1h32m45s 0 0h0m0s
20200606 4925 1h22m5s 3529 0h58m49s 1431 0h23m51s
20200607 0 0h0m0s 0 0h0m0s 353 0h5m53s
20200608 1 0h0m1s 2489 0h41m29s 6343 1h45m43s
20200609 1677 0h27m57s 13703 3h48m23s 6286 1h44m46s
20200610 16218 4h30m18s 4492 1h14m52s 1824 0h30m24s
20200611 14910 4h8m30s 6523 1h48m43s 3618 1h0m18sss
20200612 13769 3h49m29s 1735 0h28m55s 1639 0h27m19s
20200613 0 0h0m0s 3148 0h52m28s 0 0h0m0s
20200614 123 0h2m3s 4459 1h14m19s 8944 2h29m4ss
20200616 0 0h0m0s 1748 0h29m8s 3674 1h1m14s
20200617 329 0h5m29s 2468 0h41m8s 4254 1h10m54ss
20200618 0 0h0m0s 1522 0h25m22s 1128 0h18m48s
20200619 4776 1h19m36s 43 0h0m43s 4545 1h15m45s
20200620 178 0h2m58s 809 0h13m29s 0 0h0m0s
20200621 3589 0h59m49s 1571 0h26m11s 0 0h0m0s
20200622 1489 0h24m49s 2175 0h36m15s 14400 4h0m0s
20200623 7555 2h5m55s 4063 1h7m43s 14772 4h6m12sss
20200624 3622 1h0m22s 2042 0h34m2s 14647 4h4m7ss0s
20200627 1800 0h30m0s 954 0h15m54s 0 0h0m0s
20200628 4355 1h12m35s 644 0h10m44s 20958 5h49m18s

20200629 143 0h2m23s 2568 0h42m48s 21147 5h52m27s
20200630 1810 0h30m10s 1494 0h24m54s 16106 4h28m26s
20200701 1430 0h23m50s 2031 0h33m51s 11609 3h13m29s
20200702 0 0h0m0s 933 0h15m33s 16827 4h40m27s
20200703 644 0h10m44s 744 0h12m24s 17100 4h45m0s
20200705 1800 0h30m0s 1022 0h17m2s 0 0h0m0s
绿色5827（1.62h）总共97408（27.1h）

20200706 2656 0h44m16s 3662 1h1m2s 21229 5h53m49ss
20200707 2775 0h46m15s 1740 0h29m0s 15264 4h14m24s
20200708 3801 1h3m21s 1941 0h32m21s 21276 5h54m36ss
20200709 471 0h7m51s 493 0h8m13s 15800 4h23m20s
20200710 2606 0h43m26s 5938 1h38m58s 10116 2h48m36s
20200712 4254 1h10m54s 77 0h1m17s 0 0h0m0s

20200713 877 0h14m37s 673 0h11m13s 19037 5h17m17s
20200714 2812 0h46m52s 442 0h7m22s 24842 6h54m2ss
20200715 5290 1h28m10s 439 0h7m19s 19611 5h26m51s
20200716 0 0h0m0s 250 0h4m10s 23586 6h33m6ss
20200717 1273 0h21m13s 1542 0h25m42s 23849 6h37m29s

20200720 2036 0h33m56s 865 0h14m25s 23948 6h39m8s
20200721 4397 1h13m17s 16 0h0m16s 21891 6h4m51s
20200722 4285 1h11m25s 468 0h7m48s 21174 5h52m54s
20200723 926 0h15m26s 620 0h10m20s 24745 6h52m25s
20200724 0 0h0m0s 697 0h11m37s 25237 7h0m37s
20200725 1391 0h23m11s 459 0h7m39s 0 0h0m0s
20200726 4223 1h10m23s 2271 0h37m51s 3332 0h55m32s
20200727 1937 0h32m17s 0 0h0m0s 27301 7h35m1s
20200728 172 0h2m52s 0 0h0m0s 22017 6h6m57ss
20200729 0 0h0m0s 0 0h0m0s 33587 9h19m47s
20200730 0 0h0m0s 1 0h0m1s 29203 8h6m43ss
20200731 0 0h0m0s 834 0h13m54s 22298 6h11m38s
20200803 4270 1h11m10s 1391 0h23m11s 23577 6h32m57s
20200804 0 0h0m0s 237 0h3m57s 27272 7h34m32s
20200805 520 0h8m40s 0 0h0m0s 25162 6h59m22s
20200806 0 0h0m0s 0 0h0m0s 22866 6h21m6ss
20200807 0 0h0m0s 26 0h0m26s 23722 6h35m22s
20200810 0 0h0m0s 44 0h0m44s 30324 8h25m24s
20200811 0 0h0m0s 916 0h15m16s 30937 8h35m37s
20200812 0 0h0m0s 0 0h0m0s 32597 9h3m17ss